<?xml version="1.0" encoding="UTF-8"?>
<testng-results ignored="0" total="2" passed="2" failed="0" skipped="0">
  <reporter-output>
  </reporter-output>
  <suite started-at="2024-08-09T15:34:54 IST" name="Suite" finished-at="2024-08-09T15:35:17 IST" duration-ms="23450">
    <groups>
    </groups>
    <test started-at="2024-08-09T15:34:54 IST" name="Test" finished-at="2024-08-09T15:35:17 IST" duration-ms="23450">
      <class name="Testcases.Login_page">
        <test-method is-config="true" signature="setUp()[pri:0, instance:Testcases.Login_page@1fa268de]" started-at="2024-08-09T15:34:54 IST" name="setUp" finished-at="2024-08-09T15:35:17 IST" duration-ms="23009" status="PASS">
          <reporter-output>
          </reporter-output>
        </test-method> <!-- setUp -->
        <test-method signature="validateTitle()[pri:0, instance:Testcases.Login_page@1fa268de]" started-at="2024-08-09T15:35:17 IST" name="validateTitle" finished-at="2024-08-09T15:35:17 IST" duration-ms="18" status="PASS">
          <reporter-output>
          </reporter-output>
        </test-method> <!-- validateTitle -->
        <test-method signature="validateUrl()[pri:0, instance:Testcases.Login_page@1fa268de]" started-at="2024-08-09T15:35:17 IST" name="validateUrl" finished-at="2024-08-09T15:35:17 IST" duration-ms="22" status="PASS">
          <reporter-output>
          </reporter-output>
        </test-method> <!-- validateUrl -->
        <test-method is-config="true" signature="tearDown()[pri:0, instance:Testcases.Login_page@1fa268de]" started-at="2024-08-09T15:35:17 IST" name="tearDown" finished-at="2024-08-09T15:35:17 IST" duration-ms="343" status="PASS">
          <reporter-output>
          </reporter-output>
        </test-method> <!-- tearDown -->
      </class> <!-- Testcases.Login_page -->
    </test> <!-- Test -->
  </suite> <!-- Suite -->
</testng-results>
