<?xml version="1.0" encoding="UTF-8"?>
<testng-results ignored="0" total="2" passed="2" failed="0" skipped="0">
  <reporter-output>
  </reporter-output>
  <suite started-at="2024-08-08T14:52:04 IST" name="Suite" finished-at="2024-08-08T14:52:10 IST" duration-ms="6518">
    <groups>
    </groups>
    <test started-at="2024-08-08T14:52:04 IST" name="Test" finished-at="2024-08-08T14:52:10 IST" duration-ms="6518">
      <class name="Testcases.Login_page">
        <test-method is-config="true" signature="setUp()[pri:0, instance:Testcases.Login_page@44ebcd03]" started-at="2024-08-08T14:52:04 IST" name="setUp" finished-at="2024-08-08T14:52:10 IST" duration-ms="6048" status="PASS">
          <reporter-output>
          </reporter-output>
        </test-method> <!-- setUp -->
        <test-method signature="validateTitle()[pri:0, instance:Testcases.Login_page@44ebcd03]" started-at="2024-08-08T14:52:10 IST" name="validateTitle" finished-at="2024-08-08T14:52:10 IST" duration-ms="24" status="PASS">
          <reporter-output>
          </reporter-output>
        </test-method> <!-- validateTitle -->
        <test-method signature="validateUrl()[pri:0, instance:Testcases.Login_page@44ebcd03]" started-at="2024-08-08T14:52:10 IST" name="validateUrl" finished-at="2024-08-08T14:52:10 IST" duration-ms="33" status="PASS">
          <reporter-output>
          </reporter-output>
        </test-method> <!-- validateUrl -->
        <test-method is-config="true" signature="tearDown()[pri:0, instance:Testcases.Login_page@44ebcd03]" started-at="2024-08-08T14:52:10 IST" name="tearDown" finished-at="2024-08-08T14:52:10 IST" duration-ms="325" status="PASS">
          <reporter-output>
          </reporter-output>
        </test-method> <!-- tearDown -->
      </class> <!-- Testcases.Login_page -->
    </test> <!-- Test -->
  </suite> <!-- Suite -->
</testng-results>
